Base path: /Applications/Unity/Unity.app/Contents
Pipe name: \\.\pipe\UnityShaderCompiler-1--1592073816
Cmd: getPlatforms
Cmd: preprocess
  insize=432 outsize=1178 ok=1
Cmd: compileSnippet
  api=0 type=0 insize=4279 outsize=919 kw=DIRECTIONAL SHADOWS_OFF LIGHTMAP_OFF DIRLIGHTMAP_OFF ok=1
Cmd: compileSnippet
  api=0 type=1 insize=4279 outsize=360 kw=DIRECTIONAL SHADOWS_OFF LIGHTMAP_OFF DIRLIGHTMAP_OFF ok=1
Cmd: compileSnippet
  api=0 type=0 insize=2255 outsize=817 kw=POINT ok=1
Cmd: compileSnippet
  api=0 type=1 insize=2255 outsize=536 kw=POINT ok=1
Cmd: compileSnippet
  api=0 type=0 insize=1783 outsize=457 kw= ok=1
Cmd: compileSnippet
  api=0 type=1 insize=1783 outsize=159 kw= ok=1
Cmd: compileSnippet
  api=0 type=0 insize=3996 outsize=905 kw=LIGHTMAP_OFF DIRLIGHTMAP_OFF HDR_LIGHT_PREPASS_OFF ok=1
Cmd: compileSnippet
  api=0 type=1 insize=3996 outsize=297 kw=LIGHTMAP_OFF DIRLIGHTMAP_OFF HDR_LIGHT_PREPASS_OFF ok=1
Cmd: preprocess
  insize=432 outsize=1178 ok=1
Cmd: preprocess
  insize=249 outsize=246 ok=1
Cmd: preprocess
  insize=251 outsize=248 ok=1
Cmd: preprocess
  insize=249 outsize=246 ok=1
Cmd: preprocess
  insize=246 outsize=243 ok=1
Cmd: preprocess
  insize=869 outsize=280 ok=1
Cmd: compileSnippet
  api=0 type=0 insize=886 outsize=365 kw= ok=1
Cmd: compileSnippet
  api=0 type=1 insize=886 outsize=160 kw= ok=1
Cmd: preprocess
  insize=954 outsize=280 ok=1
Cmd: compileSnippet
  api=0 type=0 insize=971 outsize=365 kw= ok=1
Cmd: compileSnippet
  api=0 type=1 insize=971 outsize=160 kw= ok=1
Cmd: preprocess
  insize=1015 outsize=277 ok=1
Cmd: compileSnippet
  error: 2 plat 0 at (41): expression left of ."uv" is not a struct or array
  api=0 type=0 insize=1035 outsize=0 kw= ok=0
Cmd: preprocess
  insize=1007 outsize=277 ok=1
Cmd: compileSnippet
  api=0 type=0 insize=1027 outsize=375 kw= ok=1
Cmd: compileSnippet
  api=0 type=1 insize=1027 outsize=98 kw= ok=1
Cmd: preprocess
  insize=977 outsize=277 ok=1
Cmd: compileSnippet
  error: 2 plat 0 at (39): declaration of "texcol" conflicts with previous declaration at (38) syntax error, unexpected type identifier, expecting ')' at token "float2" type name expected at token "float2" invalid type in type constructor; declaration of "texcol" conflicts with previous declaration at (38)
  api=0 type=0 insize=997 outsize=0 kw= ok=0
Cmd: preprocess
  insize=941 outsize=277 ok=1
Cmd: compileSnippet
  error: 2 plat 0 at (39): syntax error, unexpected type identifier, expecting ')' at token "float2" type name expected at token "float2" invalid type in type constructor
  api=0 type=0 insize=961 outsize=0 kw= ok=0
Cmd: preprocess
  insize=937 outsize=277 ok=1
Cmd: compileSnippet
  api=0 type=0 insize=957 outsize=328 kw= ok=1
Cmd: compileSnippet
  api=0 type=1 insize=957 outsize=179 kw= ok=1
